2025-01-05 12:42:57,828 - INFO - Initialized Logging
2025-01-05 12:43:05,504 - INFO - Using GenerationConfig {
  "bos_token_id": 0,
  "decoder_start_token_id": 0,
  "early_stopping": true,
  "eos_token_id": 2,
  "length_penalty": 1.5,
  "max_length": 105,
  "no_repeat_ngram_size": 3,
  "num_beams": 4,
  "pad_token_id": 1
}

2025-01-05 12:43:06,097 - INFO - Dataset loaded successfully with 44530 entries.
2025-01-05 12:43:07,764 - WARNING - Missing 1 files. Example: data/datasets/iam_words\words\e07\e07-072\e07-072-09-.png
2025-01-05 12:43:26,435 - INFO - Number of training examples: 2667
2025-01-05 12:43:26,435 - INFO - Number of validation examples: 891
2025-01-05 12:43:26,435 - INFO - Number of test examples: 890
2025-01-05 12:43:27,021 - INFO - 
Verifying manual character mappings:
2025-01-05 12:43:27,021 - INFO - Mapped 'ă' to token ID 50265
2025-01-05 12:43:27,021 - INFO - Mapped 'â' to token ID 50266
2025-01-05 12:43:27,021 - INFO - Mapped 'î' to token ID 50267
2025-01-05 12:43:27,021 - INFO - Mapped 'ș' to token ID 50268
2025-01-05 12:43:27,021 - INFO - Mapped 'ț' to token ID 50269
2025-01-05 12:43:27,021 - INFO - Mapped 'Ă' to token ID 50270
2025-01-05 12:43:27,022 - INFO - Mapped 'Â' to token ID 50271
2025-01-05 12:43:27,022 - INFO - Mapped 'Î' to token ID 50272
2025-01-05 12:43:27,022 - INFO - Mapped 'Ș' to token ID 50273
2025-01-05 12:43:27,022 - INFO - Mapped 'Ț' to token ID 50274
2025-01-05 12:48:04,370 - INFO - Train loss after epoch 1: 0.5936781256033786
2025-01-05 12:49:23,805 - INFO - [EVAL] | Loss: 0.0415 | CER: 0.6273 | WER: 0.7156 | Acc: 0.4301 | CharAcc: 0.5400 | LevDist: 2.5262
2025-01-05 12:49:23,805 - INFO - [EVAL] Sample Predictions:
2025-01-05 12:49:23,805 - INFO - --------------------------------------------------------------------------------
2025-01-05 12:49:23,805 - INFO - Prediction                          | Reference                           | Confidence
2025-01-05 12:49:23,805 - INFO - --------------------------------------------------------------------------------
2025-01-05 12:49:23,805 - INFO - Africcus                            | Africans                            | 0.7272
2025-01-05 12:49:23,805 - INFO -  integral                           | integral                            | 0.1716
2025-01-05 12:49:23,806 - INFO - two                                 | two                                 | 0.1673
2025-01-05 12:49:23,806 - INFO - (000                                | word                                | 0.3604
2025-01-05 12:49:23,806 - INFO - every were                          | everywhere                          | 0.4499
2025-01-05 12:49:23,806 - INFO - be                                  | be                                  | 0.3161
2025-01-05 12:49:23,806 - INFO - future                              | Femme                               | 0.3161
2025-01-05 12:49:23,806 - INFO - made made                           | made                                | 0.0000
2025-01-05 12:49:23,806 - INFO - of                                  | it                                  | 0.7896
2025-01-05 12:49:23,806 - INFO -                                     | "                                   | 0.3280
2025-01-05 12:49:23,806 - INFO - --------------------------------------------------------------------------------
2025-01-05 12:54:08,140 - INFO - Train loss after epoch 2: 0.025661375996476245
2025-01-05 12:55:25,627 - INFO - [EVAL] | Loss: 0.0127 | CER: 0.1406 | WER: 0.2646 | Acc: 0.7556 | CharAcc: 0.8234 | LevDist: 0.5987
2025-01-05 12:55:25,627 - INFO - [EVAL] Sample Predictions:
2025-01-05 12:55:25,627 - INFO - --------------------------------------------------------------------------------
2025-01-05 12:55:25,628 - INFO - Prediction                          | Reference                           | Confidence
2025-01-05 12:55:25,628 - INFO - --------------------------------------------------------------------------------
2025-01-05 12:55:25,628 - INFO - Africus                             | Africans                            | 0.9099
2025-01-05 12:55:25,628 - INFO - integral                            | integral                            | 0.1993
2025-01-05 12:55:25,628 - INFO - two                                 | two                                 | 0.1993
2025-01-05 12:55:25,628 - INFO - word                                | word                                | 0.2002
2025-01-05 12:55:25,628 - INFO - every where                         | everywhere                          | 0.8294
2025-01-05 12:55:25,628 - INFO - be                                  | be                                  | 0.3872
2025-01-05 12:55:25,628 - INFO - Femme                               | Femme                               | 0.3966
2025-01-05 12:55:25,628 - INFO - made                                | made                                | 0.4926
2025-01-05 12:55:25,628 - INFO - it                                  | it                                  | 0.9647
2025-01-05 12:55:25,629 - INFO - "                                   | "                                   | 0.6611
2025-01-05 12:55:25,629 - INFO - --------------------------------------------------------------------------------
2025-01-05 12:56:42,381 - INFO - [TEST] | Loss: 0.0131 | CER: 0.1236 | WER: 0.2578 | Acc: 0.7612 | CharAcc: 0.8254 | LevDist: 0.5460
2025-01-05 12:56:42,389 - INFO - Saved 890 test predictions to data/output\iam_words\trocr-large-handwritten\e20_lr1e-06_b4_fr0.1_tfr1.0\predictions\test_preds_e2.json
2025-01-05 12:56:42,390 - INFO - [TEST] Sample Predictions:
2025-01-05 12:56:42,390 - INFO - --------------------------------------------------------------------------------
2025-01-05 12:56:42,390 - INFO - Prediction                          | Reference                           | Confidence
2025-01-05 12:56:42,390 - INFO - --------------------------------------------------------------------------------
2025-01-05 12:56:42,390 - INFO - speech                              | speech                              | 0.6126
2025-01-05 12:56:42,390 - INFO - premiere                            | premiere                            | 0.4964
2025-01-05 12:56:42,390 - INFO - out                                 | out                                 | 0.2532
2025-01-05 12:56:42,391 - INFO - people                              | people                              | 0.4980
2025-01-05 12:56:42,391 - INFO - committee                           | committee                           | 0.9470
2025-01-05 12:56:42,391 - INFO - around                              | around                              | 0.3182
2025-01-05 12:56:42,391 - INFO - a                                   | ,                                   | 0.6514
2025-01-05 12:56:42,391 - INFO - 1                                   | "                                   | 0.6460
2025-01-05 12:56:42,391 - INFO -  taken                              | taken                               | 0.6357
2025-01-05 12:56:42,391 - INFO - side                                | side                                | 0.2269
2025-01-05 12:56:42,391 - INFO - --------------------------------------------------------------------------------
2025-01-05 12:56:42,772 - INFO - Saved loss plot (Train, Val, Test) to data/output\iam_words\trocr-large-handwritten\e20_lr1e-06_b4_fr0.1_tfr1.0\loss_train_val_test_iteration.pdf
2025-01-05 12:56:42,862 - INFO - Saved wer plot (Train, Val, Test) to data/output\iam_words\trocr-large-handwritten\e20_lr1e-06_b4_fr0.1_tfr1.0\wer_train_val_test_epoch.pdf
2025-01-05 12:56:42,945 - INFO - Saved char_acc plot (Train, Val, Test) to data/output\iam_words\trocr-large-handwritten\e20_lr1e-06_b4_fr0.1_tfr1.0\char_acc_train_val_test_epoch.pdf
2025-01-05 12:56:47,922 - INFO - New best checkpoint saved to data/output\iam_words\trocr-large-handwritten\e20_lr1e-06_b4_fr0.1_tfr1.0\trocr-large-handwritten-best-loss.pt with Test Loss: 0.0131
2025-01-05 12:56:56,780 - INFO - New best checkpoint saved to data/output\iam_words\trocr-large-handwritten\e20_lr1e-06_b4_fr0.1_tfr1.0\trocr-large-handwritten-best-char_acc.pt with Test CharAcc: 0.8254
2025-01-05 13:01:40,856 - INFO - Train loss after epoch 3: 0.011079068999549264
2025-01-05 13:02:54,152 - INFO - [EVAL] | Loss: 0.0080 | CER: 0.0910 | WER: 0.1749 | Acc: 0.8453 | CharAcc: 0.8917 | LevDist: 0.3778
2025-01-05 13:02:54,153 - INFO - [EVAL] Sample Predictions:
2025-01-05 13:02:54,153 - INFO - --------------------------------------------------------------------------------
2025-01-05 13:02:54,153 - INFO - Prediction                          | Reference                           | Confidence
2025-01-05 13:02:54,153 - INFO - --------------------------------------------------------------------------------
2025-01-05 13:02:54,153 - INFO - Africans                            | Africans                            | 0.8404
2025-01-05 13:02:54,153 - INFO - integral                            | integral                            | 0.1997
2025-01-05 13:02:54,153 - INFO - two                                 | two                                 | 0.1999
2025-01-05 13:02:54,153 - INFO - word                                | word                                | 0.1997
2025-01-05 13:02:54,153 - INFO - every where                         | everywhere                          | 0.6726
2025-01-05 13:02:54,153 - INFO - be                                  | be                                  | 0.3962
2025-01-05 13:02:54,154 - INFO - Femme                               | Femme                               | 0.3988
2025-01-05 13:02:54,154 - INFO - made                                | made                                | 0.3983
2025-01-05 13:02:54,154 - INFO - it                                  | it                                  | 0.9859
2025-01-05 13:02:54,154 - INFO - "                                   | "                                   | 0.6632
2025-01-05 13:02:54,154 - INFO - --------------------------------------------------------------------------------
2025-01-05 13:07:33,036 - INFO - Train loss after epoch 4: 0.007445191125132125
2025-01-05 13:08:45,632 - INFO - [EVAL] | Loss: 0.0066 | CER: 0.0710 | WER: 0.1446 | Acc: 0.8722 | CharAcc: 0.9147 | LevDist: 0.2791
2025-01-05 13:08:45,632 - INFO - [EVAL] Sample Predictions:
2025-01-05 13:08:45,632 - INFO - --------------------------------------------------------------------------------
2025-01-05 13:08:45,632 - INFO - Prediction                          | Reference                           | Confidence
2025-01-05 13:08:45,632 - INFO - --------------------------------------------------------------------------------
2025-01-05 13:08:45,632 - INFO - Africous                            | Africans                            | 0.8499
2025-01-05 13:08:45,632 - INFO - integral                            | integral                            | 0.1998
2025-01-05 13:08:45,633 - INFO - two                                 | two                                 | 0.1998
2025-01-05 13:08:45,633 - INFO - word                                | word                                | 0.1998
2025-01-05 13:08:45,633 - INFO - everywhere                          | everywhere                          | 0.7240
2025-01-05 13:08:45,633 - INFO - be                                  | be                                  | 0.3993
2025-01-05 13:08:45,633 - INFO - Femme                               | Femme                               | 0.3997
2025-01-05 13:08:45,633 - INFO - made                                | made                                | 0.4003
2025-01-05 13:08:45,633 - INFO - it                                  | it                                  | 0.9942
2025-01-05 13:08:45,633 - INFO - "                                   | "                                   | 0.6651
2025-01-05 13:08:45,633 - INFO - --------------------------------------------------------------------------------
2025-01-05 13:09:59,135 - INFO - [TEST] | Loss: 0.0071 | CER: 0.0700 | WER: 0.1558 | Acc: 0.8453 | CharAcc: 0.9118 | LevDist: 0.2904
2025-01-05 13:09:59,144 - INFO - Saved 890 test predictions to data/output\iam_words\trocr-large-handwritten\e20_lr1e-06_b4_fr0.1_tfr1.0\predictions\test_preds_e4.json
2025-01-05 13:09:59,144 - INFO - [TEST] Sample Predictions:
2025-01-05 13:09:59,144 - INFO - --------------------------------------------------------------------------------
2025-01-05 13:09:59,144 - INFO - Prediction                          | Reference                           | Confidence
2025-01-05 13:09:59,144 - INFO - --------------------------------------------------------------------------------
2025-01-05 13:09:59,144 - INFO - speeds                              | speech                              | 0.6228
2025-01-05 13:09:59,145 - INFO - premiere                            | premiere                            | 0.4993
2025-01-05 13:09:59,145 - INFO - out                                 | out                                 | 0.2732
2025-01-05 13:09:59,145 - INFO - people                              | people                              | 0.2493
2025-01-05 13:09:59,145 - INFO - committee                           | committee                           | 0.9844
2025-01-05 13:09:59,145 - INFO - around                              | around                              | 0.3326
2025-01-05 13:09:59,145 - INFO - a                                   | ,                                   | 0.3326
2025-01-05 13:09:59,145 - INFO - "                                   | "                                   | 0.6659
2025-01-05 13:09:59,146 - INFO - taken                               | taken                               | 0.9926
2025-01-05 13:09:59,146 - INFO - side                                | side                                | 0.4974
2025-01-05 13:09:59,146 - INFO - --------------------------------------------------------------------------------
2025-01-05 13:09:59,304 - INFO - Saved loss plot (Train, Val, Test) to data/output\iam_words\trocr-large-handwritten\e20_lr1e-06_b4_fr0.1_tfr1.0\loss_train_val_test_iteration.pdf
2025-01-05 13:09:59,387 - INFO - Saved wer plot (Train, Val, Test) to data/output\iam_words\trocr-large-handwritten\e20_lr1e-06_b4_fr0.1_tfr1.0\wer_train_val_test_epoch.pdf
2025-01-05 13:09:59,474 - INFO - Saved char_acc plot (Train, Val, Test) to data/output\iam_words\trocr-large-handwritten\e20_lr1e-06_b4_fr0.1_tfr1.0\char_acc_train_val_test_epoch.pdf
2025-01-05 13:10:05,316 - INFO - New best checkpoint saved to data/output\iam_words\trocr-large-handwritten\e20_lr1e-06_b4_fr0.1_tfr1.0\trocr-large-handwritten-best-loss.pt with Test Loss: 0.0071
2025-01-05 13:10:17,890 - INFO - New best checkpoint saved to data/output\iam_words\trocr-large-handwritten\e20_lr1e-06_b4_fr0.1_tfr1.0\trocr-large-handwritten-best-char_acc.pt with Test CharAcc: 0.9118
2025-01-05 13:15:04,040 - INFO - Train loss after epoch 5: 0.005928465211308003
2025-01-05 13:16:30,467 - INFO - [EVAL] | Loss: 0.0062 | CER: 0.0707 | WER: 0.1446 | Acc: 0.8722 | CharAcc: 0.9166 | LevDist: 0.2780
2025-01-05 13:16:30,467 - INFO - [EVAL] Sample Predictions:
2025-01-05 13:16:30,467 - INFO - --------------------------------------------------------------------------------
2025-01-05 13:16:30,467 - INFO - Prediction                          | Reference                           | Confidence
2025-01-05 13:16:30,468 - INFO - --------------------------------------------------------------------------------
2025-01-05 13:16:30,468 - INFO - Africous                            | Africans                            | 0.8556
2025-01-05 13:16:30,468 - INFO - integral                            | integral                            | 0.1998
2025-01-05 13:16:30,468 - INFO - two                                 | two                                 | 0.1998
2025-01-05 13:16:30,468 - INFO - word                                | word                                | 0.1998
2025-01-05 13:16:30,469 - INFO - everywhere                          | everywhere                          | 0.7256
2025-01-05 13:16:30,469 - INFO - be                                  | be                                  | 0.3991
2025-01-05 13:16:30,469 - INFO - Femme                               | Femme                               | 0.3998
2025-01-05 13:16:30,469 - INFO - made                                | made                                | 0.3998
2025-01-05 13:16:30,469 - INFO - it                                  | it                                  | 0.9958
2025-01-05 13:16:30,470 - INFO - "                                   | "                                   | 0.6655
2025-01-05 13:16:30,470 - INFO - --------------------------------------------------------------------------------
2025-01-05 13:21:11,890 - INFO - Train loss after epoch 6: 0.005238204034181651
2025-01-05 13:22:24,421 - INFO - [EVAL] | Loss: 0.0060 | CER: 0.0670 | WER: 0.1357 | Acc: 0.8800 | CharAcc: 0.9242 | LevDist: 0.2635
2025-01-05 13:22:24,421 - INFO - [EVAL] Sample Predictions:
2025-01-05 13:22:24,421 - INFO - --------------------------------------------------------------------------------
2025-01-05 13:22:24,421 - INFO - Prediction                          | Reference                           | Confidence
2025-01-05 13:22:24,421 - INFO - --------------------------------------------------------------------------------
2025-01-05 13:22:24,421 - INFO - Africous                            | Africans                            | 0.8658
2025-01-05 13:22:24,421 - INFO - integral                            | integral                            | 0.1999
2025-01-05 13:22:24,421 - INFO - two                                 | two                                 | 0.1999
2025-01-05 13:22:24,421 - INFO - word                                | word                                | 0.1999
2025-01-05 13:22:24,421 - INFO - everywhere                          | everywhere                          | 0.7367
2025-01-05 13:22:24,422 - INFO - be                                  | be                                  | 0.3994
2025-01-05 13:22:24,422 - INFO - Femme                               | Femme                               | 0.3998
2025-01-05 13:22:24,422 - INFO - made                                | made                                | 0.3996
2025-01-05 13:22:24,422 - INFO - it                                  | it                                  | 0.9967
2025-01-05 13:22:24,422 - INFO - "                                   | "                                   | 0.6657
2025-01-05 13:22:24,422 - INFO - --------------------------------------------------------------------------------
2025-01-05 13:23:37,847 - INFO - [TEST] | Loss: 0.0065 | CER: 0.0641 | WER: 0.1435 | Acc: 0.8565 | CharAcc: 0.9145 | LevDist: 0.2668
2025-01-05 13:23:37,856 - INFO - Saved 890 test predictions to data/output\iam_words\trocr-large-handwritten\e20_lr1e-06_b4_fr0.1_tfr1.0\predictions\test_preds_e6.json
2025-01-05 13:23:37,856 - INFO - [TEST] Sample Predictions:
2025-01-05 13:23:37,856 - INFO - --------------------------------------------------------------------------------
2025-01-05 13:23:37,857 - INFO - Prediction                          | Reference                           | Confidence
2025-01-05 13:23:37,857 - INFO - --------------------------------------------------------------------------------
2025-01-05 13:23:37,857 - INFO - speeds                              | speech                              | 0.8247
2025-01-05 13:23:37,857 - INFO - premiere                            | premiere                            | 0.4997
2025-01-05 13:23:37,857 - INFO - out                                 | out                                 | 0.2497
2025-01-05 13:23:37,857 - INFO - people                              | people                              | 0.3069
2025-01-05 13:23:37,858 - INFO - committee                           | committee                           | 0.9895
2025-01-05 13:23:37,858 - INFO - around                              | around                              | 0.3330
2025-01-05 13:23:37,858 - INFO - a                                   | ,                                   | 0.3330
2025-01-05 13:23:37,858 - INFO - "                                   | "                                   | 0.3330
2025-01-05 13:23:37,858 - INFO - taken                               | taken                               | 0.9948
2025-01-05 13:23:37,858 - INFO - side                                | side                                | 0.2488
2025-01-05 13:23:37,858 - INFO - --------------------------------------------------------------------------------
2025-01-05 13:23:38,019 - INFO - Saved loss plot (Train, Val, Test) to data/output\iam_words\trocr-large-handwritten\e20_lr1e-06_b4_fr0.1_tfr1.0\loss_train_val_test_iteration.pdf
2025-01-05 13:23:38,108 - INFO - Saved wer plot (Train, Val, Test) to data/output\iam_words\trocr-large-handwritten\e20_lr1e-06_b4_fr0.1_tfr1.0\wer_train_val_test_epoch.pdf
2025-01-05 13:23:38,200 - INFO - Saved char_acc plot (Train, Val, Test) to data/output\iam_words\trocr-large-handwritten\e20_lr1e-06_b4_fr0.1_tfr1.0\char_acc_train_val_test_epoch.pdf
2025-01-05 13:23:42,549 - INFO - New best checkpoint saved to data/output\iam_words\trocr-large-handwritten\e20_lr1e-06_b4_fr0.1_tfr1.0\trocr-large-handwritten-best-loss.pt with Test Loss: 0.0065
2025-01-05 13:23:53,165 - INFO - New best checkpoint saved to data/output\iam_words\trocr-large-handwritten\e20_lr1e-06_b4_fr0.1_tfr1.0\trocr-large-handwritten-best-char_acc.pt with Test CharAcc: 0.9145
2025-01-05 13:28:35,999 - INFO - Train loss after epoch 7: 0.004507130167209313
2025-01-05 13:29:50,031 - INFO - [EVAL] | Loss: 0.0058 | CER: 0.0667 | WER: 0.1390 | Acc: 0.8767 | CharAcc: 0.9217 | LevDist: 0.2635
2025-01-05 13:29:50,031 - INFO - [EVAL] Sample Predictions:
2025-01-05 13:29:50,031 - INFO - --------------------------------------------------------------------------------
2025-01-05 13:29:50,031 - INFO - Prediction                          | Reference                           | Confidence
2025-01-05 13:29:50,031 - INFO - --------------------------------------------------------------------------------
2025-01-05 13:29:50,031 - INFO - Africous                            | Africans                            | 0.8615
2025-01-05 13:29:50,031 - INFO - integral                            | integral                            | 0.1999
2025-01-05 13:29:50,031 - INFO - two                                 | two                                 | 0.1999
2025-01-05 13:29:50,032 - INFO - word                                | word                                | 0.1999
2025-01-05 13:29:50,032 - INFO - everywhere                          | everywhere                          | 0.7440
2025-01-05 13:29:50,032 - INFO - be                                  | be                                  | 0.3995
2025-01-05 13:29:50,032 - INFO - Femme                               | Femme                               | 0.3999
2025-01-05 13:29:50,032 - INFO - made                                | made                                | 0.3994
2025-01-05 13:29:50,032 - INFO - it                                  | it                                  | 0.9974
2025-01-05 13:29:50,032 - INFO - "                                   | "                                   | 0.6658
2025-01-05 13:29:50,032 - INFO - --------------------------------------------------------------------------------
2025-01-05 13:34:31,862 - INFO - Train loss after epoch 8: 0.0038607615464205263
2025-01-05 13:35:44,721 - INFO - [EVAL] | Loss: 0.0057 | CER: 0.0659 | WER: 0.1323 | Acc: 0.8834 | CharAcc: 0.9261 | LevDist: 0.2567
2025-01-05 13:35:44,722 - INFO - [EVAL] Sample Predictions:
2025-01-05 13:35:44,722 - INFO - --------------------------------------------------------------------------------
2025-01-05 13:35:44,722 - INFO - Prediction                          | Reference                           | Confidence
2025-01-05 13:35:44,722 - INFO - --------------------------------------------------------------------------------
2025-01-05 13:35:44,722 - INFO - Africans                            | Africans                            | 0.8733
2025-01-05 13:35:44,722 - INFO - integral                            | integral                            | 0.1999
2025-01-05 13:35:44,723 - INFO - two                                 | two                                 | 0.1999
2025-01-05 13:35:44,723 - INFO - word                                | word                                | 0.1999
2025-01-05 13:35:44,723 - INFO - everywhere                          | everywhere                          | 0.7469
2025-01-05 13:35:44,723 - INFO - be                                  | be                                  | 0.3998
2025-01-05 13:35:44,723 - INFO - Femme                               | Femme                               | 0.3999
2025-01-05 13:35:44,723 - INFO - made                                | made                                | 0.3996
2025-01-05 13:35:44,723 - INFO - it                                  | it                                  | 0.9979
2025-01-05 13:35:44,724 - INFO - "                                   | "                                   | 0.6659
2025-01-05 13:35:44,724 - INFO - --------------------------------------------------------------------------------
2025-01-05 13:36:58,485 - INFO - [TEST] | Loss: 0.0061 | CER: 0.0588 | WER: 0.1368 | Acc: 0.8632 | CharAcc: 0.9204 | LevDist: 0.2422
2025-01-05 13:36:58,494 - INFO - Saved 890 test predictions to data/output\iam_words\trocr-large-handwritten\e20_lr1e-06_b4_fr0.1_tfr1.0\predictions\test_preds_e8.json
2025-01-05 13:36:58,494 - INFO - [TEST] Sample Predictions:
2025-01-05 13:36:58,494 - INFO - --------------------------------------------------------------------------------
2025-01-05 13:36:58,494 - INFO - Prediction                          | Reference                           | Confidence
2025-01-05 13:36:58,494 - INFO - --------------------------------------------------------------------------------
2025-01-05 13:36:58,494 - INFO - speeds                              | speech                              | 0.6109
2025-01-05 13:36:58,494 - INFO - premiere                            | premiere                            | 0.4998
2025-01-05 13:36:58,494 - INFO - out                                 | out                                 | 0.2498
2025-01-05 13:36:58,495 - INFO - people                              | people                              | 0.3091
2025-01-05 13:36:58,495 - INFO - committee                           | committee                           | 0.9899
2025-01-05 13:36:58,495 - INFO - around                              | around                              | 0.3331
2025-01-05 13:36:58,495 - INFO - a                                   | ,                                   | 0.3331
2025-01-05 13:36:58,495 - INFO - "                                   | "                                   | 0.3331
2025-01-05 13:36:58,495 - INFO - taken                               | taken                               | 0.9962
2025-01-05 13:36:58,495 - INFO - side                                | side                                | 0.2493
2025-01-05 13:36:58,495 - INFO - --------------------------------------------------------------------------------
2025-01-05 13:36:58,653 - INFO - Saved loss plot (Train, Val, Test) to data/output\iam_words\trocr-large-handwritten\e20_lr1e-06_b4_fr0.1_tfr1.0\loss_train_val_test_iteration.pdf
2025-01-05 13:36:58,745 - INFO - Saved wer plot (Train, Val, Test) to data/output\iam_words\trocr-large-handwritten\e20_lr1e-06_b4_fr0.1_tfr1.0\wer_train_val_test_epoch.pdf
2025-01-05 13:36:58,837 - INFO - Saved char_acc plot (Train, Val, Test) to data/output\iam_words\trocr-large-handwritten\e20_lr1e-06_b4_fr0.1_tfr1.0\char_acc_train_val_test_epoch.pdf
2025-01-05 13:37:04,466 - INFO - New best checkpoint saved to data/output\iam_words\trocr-large-handwritten\e20_lr1e-06_b4_fr0.1_tfr1.0\trocr-large-handwritten-best-loss.pt with Test Loss: 0.0061
2025-01-05 13:37:12,418 - INFO - New best checkpoint saved to data/output\iam_words\trocr-large-handwritten\e20_lr1e-06_b4_fr0.1_tfr1.0\trocr-large-handwritten-best-char_acc.pt with Test CharAcc: 0.9204
2025-01-05 13:41:52,722 - INFO - Train loss after epoch 9: 0.00360082115484361
2025-01-05 13:43:05,840 - INFO - [EVAL] | Loss: 0.0056 | CER: 0.0649 | WER: 0.1323 | Acc: 0.8834 | CharAcc: 0.9272 | LevDist: 0.2534
2025-01-05 13:43:05,841 - INFO - [EVAL] Sample Predictions:
2025-01-05 13:43:05,841 - INFO - --------------------------------------------------------------------------------
2025-01-05 13:43:05,841 - INFO - Prediction                          | Reference                           | Confidence
2025-01-05 13:43:05,841 - INFO - --------------------------------------------------------------------------------
2025-01-05 13:43:05,841 - INFO - Africans                            | Africans                            | 0.8857
2025-01-05 13:43:05,841 - INFO - integral                            | integral                            | 0.1999
2025-01-05 13:43:05,841 - INFO - two                                 | two                                 | 0.1999
2025-01-05 13:43:05,841 - INFO - word                                | word                                | 0.1999
2025-01-05 13:43:05,841 - INFO - everywhere                          | everywhere                          | 0.7497
2025-01-05 13:43:05,841 - INFO - be                                  | be                                  | 0.3997
2025-01-05 13:43:05,841 - INFO - Femme                               | Femme                               | 0.3999
2025-01-05 13:43:05,842 - INFO - made                                | made                                | 0.3996
2025-01-05 13:43:05,842 - INFO - it                                  | it                                  | 0.9980
2025-01-05 13:43:05,842 - INFO - "                                   | "                                   | 0.6660
2025-01-05 13:43:05,842 - INFO - --------------------------------------------------------------------------------
2025-01-05 13:47:46,275 - INFO - Train loss after epoch 10: 0.0032011448053164532
2025-01-05 13:48:59,820 - INFO - [EVAL] | Loss: 0.0055 | CER: 0.0661 | WER: 0.1345 | Acc: 0.8778 | CharAcc: 0.9255 | LevDist: 0.2578
2025-01-05 13:48:59,820 - INFO - [EVAL] Sample Predictions:
2025-01-05 13:48:59,820 - INFO - --------------------------------------------------------------------------------
2025-01-05 13:48:59,820 - INFO - Prediction                          | Reference                           | Confidence
2025-01-05 13:48:59,820 - INFO - --------------------------------------------------------------------------------
2025-01-05 13:48:59,820 - INFO - Africans                            | Africans                            | 0.8910
2025-01-05 13:48:59,821 - INFO - integral                            | integral                            | 0.1999
2025-01-05 13:48:59,821 - INFO - two                                 | two                                 | 0.1999
2025-01-05 13:48:59,821 - INFO - word                                | word                                | 0.1999
2025-01-05 13:48:59,821 - INFO - everywhere                          | everywhere                          | 0.7484
2025-01-05 13:48:59,821 - INFO - be                                  | be                                  | 0.3998
2025-01-05 13:48:59,821 - INFO - Femme                               | Femme                               | 0.3999
2025-01-05 13:48:59,821 - INFO - made                                | made                                | 0.3996
2025-01-05 13:48:59,821 - INFO - it                                  | it                                  | 0.9982
2025-01-05 13:48:59,821 - INFO - "                                   | "                                   | 0.6660
2025-01-05 13:48:59,821 - INFO - --------------------------------------------------------------------------------
2025-01-05 13:50:13,281 - INFO - [TEST] | Loss: 0.0059 | CER: 0.0532 | WER: 0.1233 | Acc: 0.8767 | CharAcc: 0.9261 | LevDist: 0.2175
2025-01-05 13:50:13,290 - INFO - Saved 890 test predictions to data/output\iam_words\trocr-large-handwritten\e20_lr1e-06_b4_fr0.1_tfr1.0\predictions\test_preds_e10.json
2025-01-05 13:50:13,290 - INFO - [TEST] Sample Predictions:
2025-01-05 13:50:13,290 - INFO - --------------------------------------------------------------------------------
2025-01-05 13:50:13,290 - INFO - Prediction                          | Reference                           | Confidence
2025-01-05 13:50:13,290 - INFO - --------------------------------------------------------------------------------
2025-01-05 13:50:13,290 - INFO - speech                              | speech                              | 0.6604
2025-01-05 13:50:13,291 - INFO - premiere                            | premiere                            | 0.4998
2025-01-05 13:50:13,291 - INFO - out                                 | out                                 | 0.2498
2025-01-05 13:50:13,291 - INFO - people                              | people                              | 0.3296
2025-01-05 13:50:13,291 - INFO - committee                           | committee                           | 0.9939
2025-01-05 13:50:13,291 - INFO - around                              | around                              | 0.3332
2025-01-05 13:50:13,291 - INFO - a                                   | ,                                   | 0.3332
2025-01-05 13:50:13,291 - INFO - "                                   | "                                   | 0.6665
2025-01-05 13:50:13,291 - INFO - taken                               | taken                               | 0.9960
2025-01-05 13:50:13,292 - INFO - side                                | side                                | 0.2493
2025-01-05 13:50:13,292 - INFO - --------------------------------------------------------------------------------
2025-01-05 13:50:13,457 - INFO - Saved loss plot (Train, Val, Test) to data/output\iam_words\trocr-large-handwritten\e20_lr1e-06_b4_fr0.1_tfr1.0\loss_train_val_test_iteration.pdf
2025-01-05 13:50:13,549 - INFO - Saved wer plot (Train, Val, Test) to data/output\iam_words\trocr-large-handwritten\e20_lr1e-06_b4_fr0.1_tfr1.0\wer_train_val_test_epoch.pdf
2025-01-05 13:50:13,642 - INFO - Saved char_acc plot (Train, Val, Test) to data/output\iam_words\trocr-large-handwritten\e20_lr1e-06_b4_fr0.1_tfr1.0\char_acc_train_val_test_epoch.pdf
2025-01-05 13:50:18,110 - INFO - New best checkpoint saved to data/output\iam_words\trocr-large-handwritten\e20_lr1e-06_b4_fr0.1_tfr1.0\trocr-large-handwritten-best-loss.pt with Test Loss: 0.0059
2025-01-05 13:50:31,628 - INFO - New best checkpoint saved to data/output\iam_words\trocr-large-handwritten\e20_lr1e-06_b4_fr0.1_tfr1.0\trocr-large-handwritten-best-char_acc.pt with Test CharAcc: 0.9261
2025-01-05 13:55:13,085 - INFO - Train loss after epoch 11: 0.002842154530688991
2025-01-05 13:56:27,019 - INFO - [EVAL] | Loss: 0.0055 | CER: 0.0646 | WER: 0.1289 | Acc: 0.8834 | CharAcc: 0.9283 | LevDist: 0.2534
2025-01-05 13:56:27,019 - INFO - [EVAL] Sample Predictions:
2025-01-05 13:56:27,019 - INFO - --------------------------------------------------------------------------------
2025-01-05 13:56:27,019 - INFO - Prediction                          | Reference                           | Confidence
2025-01-05 13:56:27,019 - INFO - --------------------------------------------------------------------------------
2025-01-05 13:56:27,019 - INFO - Africans                            | Africans                            | 0.8806
2025-01-05 13:56:27,019 - INFO - integral                            | integral                            | 0.1999
2025-01-05 13:56:27,019 - INFO - two                                 | two                                 | 0.1999
2025-01-05 13:56:27,019 - INFO - word                                | word                                | 0.1999
2025-01-05 13:56:27,019 - INFO - everywhere                          | everywhere                          | 0.7511
2025-01-05 13:56:27,020 - INFO - be                                  | be                                  | 0.3998
2025-01-05 13:56:27,020 - INFO - Femme                               | Femme                               | 0.3999
2025-01-05 13:56:27,020 - INFO - made                                | made                                | 0.3997
2025-01-05 13:56:27,020 - INFO - it                                  | it                                  | 0.9985
2025-01-05 13:56:27,020 - INFO - "                                   | "                                   | 0.6662
2025-01-05 13:56:27,020 - INFO - --------------------------------------------------------------------------------
2025-01-05 14:01:09,480 - INFO - Train loss after epoch 12: 0.002670174611542469
2025-01-05 14:02:22,954 - INFO - [EVAL] | Loss: 0.0055 | CER: 0.0633 | WER: 0.1289 | Acc: 0.8823 | CharAcc: 0.9295 | LevDist: 0.2478
2025-01-05 14:02:22,954 - INFO - [EVAL] Sample Predictions:
2025-01-05 14:02:22,954 - INFO - --------------------------------------------------------------------------------
2025-01-05 14:02:22,955 - INFO - Prediction                          | Reference                           | Confidence
2025-01-05 14:02:22,955 - INFO - --------------------------------------------------------------------------------
2025-01-05 14:02:22,955 - INFO - Africans                            | Africans                            | 0.8787
2025-01-05 14:02:22,955 - INFO - integral                            | integral                            | 0.2000
2025-01-05 14:02:22,955 - INFO - two                                 | two                                 | 0.1999
2025-01-05 14:02:22,955 - INFO - word                                | word                                | 0.1999
2025-01-05 14:02:22,955 - INFO - everywhere                          | everywhere                          | 0.7516
2025-01-05 14:02:22,955 - INFO - be                                  | be                                  | 0.3998
2025-01-05 14:02:22,955 - INFO - Femme                               | Femme                               | 0.3999
2025-01-05 14:02:22,955 - INFO - made                                | made                                | 0.2070
2025-01-05 14:02:22,955 - INFO - it                                  | it                                  | 0.9986
2025-01-05 14:02:22,955 - INFO - "                                   | "                                   | 0.6661
2025-01-05 14:02:22,955 - INFO - --------------------------------------------------------------------------------
2025-01-05 14:03:37,288 - INFO - [TEST] | Loss: 0.0059 | CER: 0.0516 | WER: 0.1177 | Acc: 0.8823 | CharAcc: 0.9297 | LevDist: 0.2130
2025-01-05 14:03:37,297 - INFO - Saved 890 test predictions to data/output\iam_words\trocr-large-handwritten\e20_lr1e-06_b4_fr0.1_tfr1.0\predictions\test_preds_e12.json
2025-01-05 14:03:37,297 - INFO - [TEST] Sample Predictions:
2025-01-05 14:03:37,297 - INFO - --------------------------------------------------------------------------------
2025-01-05 14:03:37,298 - INFO - Prediction                          | Reference                           | Confidence
2025-01-05 14:03:37,298 - INFO - --------------------------------------------------------------------------------
2025-01-05 14:03:37,298 - INFO - speech                              | speech                              | 0.6794
2025-01-05 14:03:37,298 - INFO - premiere                            | premiere                            | 0.4998
2025-01-05 14:03:37,298 - INFO - out                                 | out                                 | 0.2498
2025-01-05 14:03:37,298 - INFO - people                              | people                              | 0.3381
2025-01-05 14:03:37,298 - INFO - committee                           | committee                           | 0.9936
2025-01-05 14:03:37,298 - INFO - around                              | around                              | 0.3332
2025-01-05 14:03:37,298 - INFO - a                                   | ,                                   | 0.3332
2025-01-05 14:03:37,298 - INFO - "                                   | "                                   | 0.6665
2025-01-05 14:03:37,298 - INFO - taken                               | taken                               | 0.9963
2025-01-05 14:03:37,299 - INFO - side                                | side                                | 0.2494
2025-01-05 14:03:37,299 - INFO - --------------------------------------------------------------------------------
2025-01-05 14:03:37,484 - INFO - Saved loss plot (Train, Val, Test) to data/output\iam_words\trocr-large-handwritten\e20_lr1e-06_b4_fr0.1_tfr1.0\loss_train_val_test_iteration.pdf
2025-01-05 14:03:37,675 - INFO - Saved wer plot (Train, Val, Test) to data/output\iam_words\trocr-large-handwritten\e20_lr1e-06_b4_fr0.1_tfr1.0\wer_train_val_test_epoch.pdf
2025-01-05 14:03:37,774 - INFO - Saved char_acc plot (Train, Val, Test) to data/output\iam_words\trocr-large-handwritten\e20_lr1e-06_b4_fr0.1_tfr1.0\char_acc_train_val_test_epoch.pdf
2025-01-05 14:03:43,685 - INFO - New best checkpoint saved to data/output\iam_words\trocr-large-handwritten\e20_lr1e-06_b4_fr0.1_tfr1.0\trocr-large-handwritten-best-loss.pt with Test Loss: 0.0059
2025-01-05 14:03:53,627 - INFO - New best checkpoint saved to data/output\iam_words\trocr-large-handwritten\e20_lr1e-06_b4_fr0.1_tfr1.0\trocr-large-handwritten-best-char_acc.pt with Test CharAcc: 0.9297
2025-01-05 14:08:35,591 - INFO - Train loss after epoch 13: 0.002479764021223002
2025-01-05 14:09:48,838 - INFO - [EVAL] | Loss: 0.0055 | CER: 0.0661 | WER: 0.1323 | Acc: 0.8800 | CharAcc: 0.9276 | LevDist: 0.2567
2025-01-05 14:09:48,838 - INFO - [EVAL] Sample Predictions:
2025-01-05 14:09:48,838 - INFO - --------------------------------------------------------------------------------
2025-01-05 14:09:48,838 - INFO - Prediction                          | Reference                           | Confidence
2025-01-05 14:09:48,838 - INFO - --------------------------------------------------------------------------------
2025-01-05 14:09:48,838 - INFO - Africans                            | Africans                            | 0.8896
2025-01-05 14:09:48,838 - INFO - integral                            | integral                            | 0.2000
2025-01-05 14:09:48,838 - INFO - two                                 | two                                 | 0.1999
2025-01-05 14:09:48,838 - INFO - word                                | word                                | 0.1999
2025-01-05 14:09:48,839 - INFO - everywhere                          | everywhere                          | 0.7561
2025-01-05 14:09:48,839 - INFO - be                                  | be                                  | 0.3999
2025-01-05 14:09:48,839 - INFO - Femme                               | Femme                               | 0.3999
2025-01-05 14:09:48,839 - INFO - made                                | made                                | 0.2003
2025-01-05 14:09:48,839 - INFO - it                                  | it                                  | 0.9988
2025-01-05 14:09:48,839 - INFO - "                                   | "                                   | 0.6661
2025-01-05 14:09:48,839 - INFO - --------------------------------------------------------------------------------
2025-01-05 14:14:30,344 - INFO - Train loss after epoch 14: 0.002263446704997025
2025-01-05 14:15:44,039 - INFO - [EVAL] | Loss: 0.0055 | CER: 0.0660 | WER: 0.1323 | Acc: 0.8800 | CharAcc: 0.9275 | LevDist: 0.2578
2025-01-05 14:15:44,039 - INFO - [EVAL] Sample Predictions:
2025-01-05 14:15:44,040 - INFO - --------------------------------------------------------------------------------
2025-01-05 14:15:44,040 - INFO - Prediction                          | Reference                           | Confidence
2025-01-05 14:15:44,040 - INFO - --------------------------------------------------------------------------------
2025-01-05 14:15:44,040 - INFO - Africans                            | Africans                            | 0.8918
2025-01-05 14:15:44,040 - INFO - integral                            | integral                            | 0.2000
2025-01-05 14:15:44,040 - INFO - two                                 | two                                 | 0.1999
2025-01-05 14:15:44,040 - INFO - word                                | word                                | 0.1999
2025-01-05 14:15:44,040 - INFO - everywhere                          | everywhere                          | 0.7568
2025-01-05 14:15:44,040 - INFO - be                                  | be                                  | 0.3999
2025-01-05 14:15:44,041 - INFO - Femme                               | Femme                               | 0.3999
2025-01-05 14:15:44,041 - INFO - made                                | made                                | 0.2001
2025-01-05 14:15:44,041 - INFO - it                                  | it                                  | 0.9988
2025-01-05 14:15:44,041 - INFO - "                                   | "                                   | 0.6661
2025-01-05 14:15:44,041 - INFO - --------------------------------------------------------------------------------
2025-01-05 14:16:58,618 - INFO - [TEST] | Loss: 0.0059 | CER: 0.0517 | WER: 0.1200 | Acc: 0.8800 | CharAcc: 0.9293 | LevDist: 0.2119
2025-01-05 14:16:58,627 - INFO - Saved 890 test predictions to data/output\iam_words\trocr-large-handwritten\e20_lr1e-06_b4_fr0.1_tfr1.0\predictions\test_preds_e14.json
2025-01-05 14:16:58,627 - INFO - [TEST] Sample Predictions:
2025-01-05 14:16:58,628 - INFO - --------------------------------------------------------------------------------
2025-01-05 14:16:58,628 - INFO - Prediction                          | Reference                           | Confidence
2025-01-05 14:16:58,628 - INFO - --------------------------------------------------------------------------------
2025-01-05 14:16:58,628 - INFO - speech                              | speech                              | 0.6811
2025-01-05 14:16:58,628 - INFO - premiere                            | premiere                            | 0.4998
2025-01-05 14:16:58,628 - INFO - out                                 | out                                 | 0.2499
2025-01-05 14:16:58,628 - INFO - people                              | people                              | 0.2499
2025-01-05 14:16:58,628 - INFO - committee                           | committee                           | 0.9926
2025-01-05 14:16:58,628 - INFO - around                              | around                              | 0.3332
2025-01-05 14:16:58,628 - INFO - a                                   | ,                                   | 0.3332
2025-01-05 14:16:58,628 - INFO - "                                   | "                                   | 0.6665
2025-01-05 14:16:58,628 - INFO - taken                               | taken                               | 0.9960
2025-01-05 14:16:58,629 - INFO - side                                | side                                | 0.2495
2025-01-05 14:16:58,629 - INFO - --------------------------------------------------------------------------------
2025-01-05 14:16:58,881 - INFO - Saved loss plot (Train, Val, Test) to data/output\iam_words\trocr-large-handwritten\e20_lr1e-06_b4_fr0.1_tfr1.0\loss_train_val_test_iteration.pdf
2025-01-05 14:16:58,984 - INFO - Saved wer plot (Train, Val, Test) to data/output\iam_words\trocr-large-handwritten\e20_lr1e-06_b4_fr0.1_tfr1.0\wer_train_val_test_epoch.pdf
2025-01-05 14:16:59,085 - INFO - Saved char_acc plot (Train, Val, Test) to data/output\iam_words\trocr-large-handwritten\e20_lr1e-06_b4_fr0.1_tfr1.0\char_acc_train_val_test_epoch.pdf
2025-01-05 14:17:04,757 - INFO - New best checkpoint saved to data/output\iam_words\trocr-large-handwritten\e20_lr1e-06_b4_fr0.1_tfr1.0\trocr-large-handwritten-best-loss.pt with Test Loss: 0.0059
2025-01-05 14:21:46,842 - INFO - Train loss after epoch 15: 0.002109661808047975
2025-01-05 14:23:00,623 - INFO - [EVAL] | Loss: 0.0055 | CER: 0.0661 | WER: 0.1334 | Acc: 0.8800 | CharAcc: 0.9279 | LevDist: 0.2578
2025-01-05 14:23:00,623 - INFO - [EVAL] Sample Predictions:
2025-01-05 14:23:00,623 - INFO - --------------------------------------------------------------------------------
2025-01-05 14:23:00,623 - INFO - Prediction                          | Reference                           | Confidence
2025-01-05 14:23:00,623 - INFO - --------------------------------------------------------------------------------
2025-01-05 14:23:00,623 - INFO - Africans                            | Africans                            | 0.8900
2025-01-05 14:23:00,623 - INFO - integral                            | integral                            | 0.2000
2025-01-05 14:23:00,624 - INFO - two                                 | two                                 | 0.1999
2025-01-05 14:23:00,624 - INFO - word                                | word                                | 0.1999
2025-01-05 14:23:00,624 - INFO - everywhere                          | everywhere                          | 0.7570
2025-01-05 14:23:00,624 - INFO - be                                  | be                                  | 0.3999
2025-01-05 14:23:00,624 - INFO - Femme                               | Femme                               | 0.3999
2025-01-05 14:23:00,624 - INFO - made                                | made                                | 0.2001
2025-01-05 14:23:00,624 - INFO - it                                  | it                                  | 0.9988
2025-01-05 14:23:00,624 - INFO - "                                   | "                                   | 0.6662
2025-01-05 14:23:00,624 - INFO - --------------------------------------------------------------------------------
2025-01-05 14:27:44,173 - INFO - Train loss after epoch 16: 0.002070788795962549
2025-01-05 14:28:58,295 - INFO - [EVAL] | Loss: 0.0055 | CER: 0.0645 | WER: 0.1300 | Acc: 0.8823 | CharAcc: 0.9284 | LevDist: 0.2522
2025-01-05 14:28:58,295 - INFO - [EVAL] Sample Predictions:
2025-01-05 14:28:58,295 - INFO - --------------------------------------------------------------------------------
2025-01-05 14:28:58,295 - INFO - Prediction                          | Reference                           | Confidence
2025-01-05 14:28:58,295 - INFO - --------------------------------------------------------------------------------
2025-01-05 14:28:58,295 - INFO - Africans                            | Africans                            | 0.8937
2025-01-05 14:28:58,295 - INFO - integral                            | integral                            | 0.2000
2025-01-05 14:28:58,296 - INFO - two                                 | two                                 | 0.1999
2025-01-05 14:28:58,296 - INFO - word                                | word                                | 0.1999
2025-01-05 14:28:58,296 - INFO - everywhere                          | everywhere                          | 0.7571
2025-01-05 14:28:58,296 - INFO - be                                  | be                                  | 0.3999
2025-01-05 14:28:58,296 - INFO - Femme                               | Femme                               | 0.3999
2025-01-05 14:28:58,296 - INFO - made                                | made                                | 0.2006
2025-01-05 14:28:58,296 - INFO - it                                  | it                                  | 0.9989
2025-01-05 14:28:58,296 - INFO - "                                   | "                                   | 0.6661
2025-01-05 14:28:58,296 - INFO - --------------------------------------------------------------------------------
2025-01-05 14:30:12,688 - INFO - [TEST] | Loss: 0.0059 | CER: 0.0533 | WER: 0.1222 | Acc: 0.8789 | CharAcc: 0.9283 | LevDist: 0.2209
2025-01-05 14:30:12,698 - INFO - Saved 890 test predictions to data/output\iam_words\trocr-large-handwritten\e20_lr1e-06_b4_fr0.1_tfr1.0\predictions\test_preds_e16.json
2025-01-05 14:30:12,698 - INFO - [TEST] Sample Predictions:
2025-01-05 14:30:12,698 - INFO - --------------------------------------------------------------------------------
2025-01-05 14:30:12,698 - INFO - Prediction                          | Reference                           | Confidence
2025-01-05 14:30:12,698 - INFO - --------------------------------------------------------------------------------
2025-01-05 14:30:12,698 - INFO - speech                              | speech                              | 0.6818
2025-01-05 14:30:12,698 - INFO - premiere                            | premiere                            | 0.4999
2025-01-05 14:30:12,698 - INFO - out                                 | out                                 | 0.2499
2025-01-05 14:30:12,698 - INFO - people                              | people                              | 0.4999
2025-01-05 14:30:12,699 - INFO - committee                           | committee                           | 0.9926
2025-01-05 14:30:12,699 - INFO - around                              | around                              | 0.3332
2025-01-05 14:30:12,699 - INFO - a                                   | ,                                   | 0.3332
2025-01-05 14:30:12,699 - INFO - "                                   | "                                   | 0.6665
2025-01-05 14:30:12,699 - INFO - taken                               | taken                               | 0.9965
2025-01-05 14:30:12,699 - INFO - side                                | side                                | 0.2495
2025-01-05 14:30:12,699 - INFO - --------------------------------------------------------------------------------
2025-01-05 14:30:12,965 - INFO - Saved loss plot (Train, Val, Test) to data/output\iam_words\trocr-large-handwritten\e20_lr1e-06_b4_fr0.1_tfr1.0\loss_train_val_test_iteration.pdf
2025-01-05 14:30:13,084 - INFO - Saved wer plot (Train, Val, Test) to data/output\iam_words\trocr-large-handwritten\e20_lr1e-06_b4_fr0.1_tfr1.0\wer_train_val_test_epoch.pdf
2025-01-05 14:30:13,195 - INFO - Saved char_acc plot (Train, Val, Test) to data/output\iam_words\trocr-large-handwritten\e20_lr1e-06_b4_fr0.1_tfr1.0\char_acc_train_val_test_epoch.pdf
2025-01-05 14:30:19,016 - INFO - New best checkpoint saved to data/output\iam_words\trocr-large-handwritten\e20_lr1e-06_b4_fr0.1_tfr1.0\trocr-large-handwritten-best-loss.pt with Test Loss: 0.0059
2025-01-05 14:35:01,662 - INFO - Train loss after epoch 17: 0.002001284716735635
2025-01-05 14:36:14,417 - INFO - [EVAL] | Loss: 0.0054 | CER: 0.0641 | WER: 0.1323 | Acc: 0.8800 | CharAcc: 0.9287 | LevDist: 0.2489
2025-01-05 14:36:14,417 - INFO - [EVAL] Sample Predictions:
2025-01-05 14:36:14,417 - INFO - --------------------------------------------------------------------------------
2025-01-05 14:36:14,418 - INFO - Prediction                          | Reference                           | Confidence
2025-01-05 14:36:14,418 - INFO - --------------------------------------------------------------------------------
2025-01-05 14:36:14,418 - INFO - Africans                            | Africans                            | 0.8940
2025-01-05 14:36:14,418 - INFO - integral                            | integral                            | 0.2000
2025-01-05 14:36:14,418 - INFO - two                                 | two                                 | 0.1999
2025-01-05 14:36:14,418 - INFO - word                                | word                                | 0.1999
2025-01-05 14:36:14,418 - INFO - everywhere                          | everywhere                          | 0.7555
2025-01-05 14:36:14,418 - INFO - be                                  | be                                  | 0.3999
2025-01-05 14:36:14,418 - INFO - Femme                               | Femme                               | 0.3999
2025-01-05 14:36:14,418 - INFO - made                                | made                                | 0.2049
2025-01-05 14:36:14,418 - INFO - it                                  | it                                  | 0.9989
2025-01-05 14:36:14,419 - INFO - "                                   | "                                   | 0.6662
2025-01-05 14:36:14,419 - INFO - --------------------------------------------------------------------------------
2025-01-05 14:40:56,195 - INFO - Train loss after epoch 18: 0.0019953419852408107
2025-01-05 14:42:09,299 - INFO - [EVAL] | Loss: 0.0055 | CER: 0.0641 | WER: 0.1323 | Acc: 0.8800 | CharAcc: 0.9287 | LevDist: 0.2489
2025-01-05 14:42:09,299 - INFO - [EVAL] Sample Predictions:
2025-01-05 14:42:09,299 - INFO - --------------------------------------------------------------------------------
2025-01-05 14:42:09,299 - INFO - Prediction                          | Reference                           | Confidence
2025-01-05 14:42:09,299 - INFO - --------------------------------------------------------------------------------
2025-01-05 14:42:09,299 - INFO - Africans                            | Africans                            | 0.8931
2025-01-05 14:42:09,300 - INFO - integral                            | integral                            | 0.2000
2025-01-05 14:42:09,300 - INFO - two                                 | two                                 | 0.1999
2025-01-05 14:42:09,300 - INFO - word                                | word                                | 0.1999
2025-01-05 14:42:09,300 - INFO - everywhere                          | everywhere                          | 0.7555
2025-01-05 14:42:09,300 - INFO - be                                  | be                                  | 0.3999
2025-01-05 14:42:09,300 - INFO - Femme                               | Femme                               | 0.3999
2025-01-05 14:42:09,300 - INFO - made                                | made                                | 0.2012
2025-01-05 14:42:09,300 - INFO - it                                  | it                                  | 0.9989
2025-01-05 14:42:09,300 - INFO - "                                   | "                                   | 0.6662
2025-01-05 14:42:09,300 - INFO - --------------------------------------------------------------------------------
2025-01-05 14:43:28,583 - INFO - [TEST] | Loss: 0.0059 | CER: 0.0515 | WER: 0.1188 | Acc: 0.8812 | CharAcc: 0.9298 | LevDist: 0.2119
2025-01-05 14:43:28,592 - INFO - Saved 890 test predictions to data/output\iam_words\trocr-large-handwritten\e20_lr1e-06_b4_fr0.1_tfr1.0\predictions\test_preds_e18.json
2025-01-05 14:43:28,592 - INFO - [TEST] Sample Predictions:
2025-01-05 14:43:28,593 - INFO - --------------------------------------------------------------------------------
2025-01-05 14:43:28,593 - INFO - Prediction                          | Reference                           | Confidence
2025-01-05 14:43:28,593 - INFO - --------------------------------------------------------------------------------
2025-01-05 14:43:28,593 - INFO - speech                              | speech                              | 0.6903
2025-01-05 14:43:28,594 - INFO - premiere                            | premiere                            | 0.4999
2025-01-05 14:43:28,594 - INFO - out                                 | out                                 | 0.2499
2025-01-05 14:43:28,594 - INFO - people                              | people                              | 0.4999
2025-01-05 14:43:28,594 - INFO - committee                           | committee                           | 0.9934
2025-01-05 14:43:28,594 - INFO - around                              | around                              | 0.3332
2025-01-05 14:43:28,595 - INFO - a                                   | ,                                   | 0.3332
2025-01-05 14:43:28,595 - INFO - "                                   | "                                   | 0.3332
2025-01-05 14:43:28,595 - INFO - taken                               | taken                               | 0.9965
2025-01-05 14:43:28,595 - INFO - side                                | side                                | 0.2495
2025-01-05 14:43:28,595 - INFO - --------------------------------------------------------------------------------
2025-01-05 14:43:28,925 - INFO - Saved loss plot (Train, Val, Test) to data/output\iam_words\trocr-large-handwritten\e20_lr1e-06_b4_fr0.1_tfr1.0\loss_train_val_test_iteration.pdf
2025-01-05 14:43:29,067 - INFO - Saved wer plot (Train, Val, Test) to data/output\iam_words\trocr-large-handwritten\e20_lr1e-06_b4_fr0.1_tfr1.0\wer_train_val_test_epoch.pdf
2025-01-05 14:43:29,189 - INFO - Saved char_acc plot (Train, Val, Test) to data/output\iam_words\trocr-large-handwritten\e20_lr1e-06_b4_fr0.1_tfr1.0\char_acc_train_val_test_epoch.pdf
2025-01-05 14:43:39,366 - INFO - New best checkpoint saved to data/output\iam_words\trocr-large-handwritten\e20_lr1e-06_b4_fr0.1_tfr1.0\trocr-large-handwritten-best-loss.pt with Test Loss: 0.0059
2025-01-05 14:43:54,591 - INFO - New best checkpoint saved to data/output\iam_words\trocr-large-handwritten\e20_lr1e-06_b4_fr0.1_tfr1.0\trocr-large-handwritten-best-char_acc.pt with Test CharAcc: 0.9298
2025-01-05 14:48:38,811 - INFO - Train loss after epoch 19: 0.0018994867311859047
2025-01-05 14:50:05,071 - INFO - [EVAL] | Loss: 0.0055 | CER: 0.0646 | WER: 0.1345 | Acc: 0.8778 | CharAcc: 0.9270 | LevDist: 0.2511
2025-01-05 14:50:05,071 - INFO - [EVAL] Sample Predictions:
2025-01-05 14:50:05,071 - INFO - --------------------------------------------------------------------------------
2025-01-05 14:50:05,071 - INFO - Prediction                          | Reference                           | Confidence
2025-01-05 14:50:05,071 - INFO - --------------------------------------------------------------------------------
2025-01-05 14:50:05,072 - INFO - Africans                            | Africans                            | 0.8929
2025-01-05 14:50:05,072 - INFO - integral                            | integral                            | 0.2000
2025-01-05 14:50:05,072 - INFO - two                                 | two                                 | 0.1999
2025-01-05 14:50:05,072 - INFO - word                                | word                                | 0.1999
2025-01-05 14:50:05,073 - INFO - everywhere                          | everywhere                          | 0.7543
2025-01-05 14:50:05,073 - INFO - be                                  | be                                  | 0.3999
2025-01-05 14:50:05,073 - INFO - Femme                               | Femme                               | 0.3999
2025-01-05 14:50:05,073 - INFO - made                                | made                                | 0.2139
2025-01-05 14:50:05,073 - INFO - it                                  | it                                  | 0.9989
2025-01-05 14:50:05,074 - INFO - "                                   | "                                   | 0.6662
2025-01-05 14:50:05,074 - INFO - --------------------------------------------------------------------------------
2025-01-05 14:54:52,525 - INFO - Train loss after epoch 20: 0.0018613972841840809
2025-01-05 14:56:18,714 - INFO - [EVAL] | Loss: 0.0055 | CER: 0.0654 | WER: 0.1345 | Acc: 0.8789 | CharAcc: 0.9284 | LevDist: 0.2545
2025-01-05 14:56:18,715 - INFO - [EVAL] Sample Predictions:
2025-01-05 14:56:18,715 - INFO - --------------------------------------------------------------------------------
2025-01-05 14:56:18,715 - INFO - Prediction                          | Reference                           | Confidence
2025-01-05 14:56:18,715 - INFO - --------------------------------------------------------------------------------
2025-01-05 14:56:18,715 - INFO - Africans                            | Africans                            | 0.8948
2025-01-05 14:56:18,715 - INFO - integral                            | integral                            | 0.2000
2025-01-05 14:56:18,715 - INFO - two                                 | two                                 | 0.1999
2025-01-05 14:56:18,715 - INFO - word                                | word                                | 0.1999
2025-01-05 14:56:18,715 - INFO - everywhere                          | everywhere                          | 0.7546
2025-01-05 14:56:18,715 - INFO - be                                  | be                                  | 0.3999
2025-01-05 14:56:18,715 - INFO - Femme                               | Femme                               | 0.3999
2025-01-05 14:56:18,716 - INFO - made                                | made                                | 0.2247
2025-01-05 14:56:18,716 - INFO - it                                  | it                                  | 0.9989
2025-01-05 14:56:18,716 - INFO - "                                   | "                                   | 0.6662
2025-01-05 14:56:18,716 - INFO - --------------------------------------------------------------------------------
2025-01-05 14:57:36,339 - INFO - [TEST] | Loss: 0.0058 | CER: 0.0519 | WER: 0.1188 | Acc: 0.8812 | CharAcc: 0.9298 | LevDist: 0.2141
2025-01-05 14:57:36,348 - INFO - Saved 890 test predictions to data/output\iam_words\trocr-large-handwritten\e20_lr1e-06_b4_fr0.1_tfr1.0\predictions\test_preds_e20.json
2025-01-05 14:57:36,348 - INFO - [TEST] Sample Predictions:
2025-01-05 14:57:36,348 - INFO - --------------------------------------------------------------------------------
2025-01-05 14:57:36,348 - INFO - Prediction                          | Reference                           | Confidence
2025-01-05 14:57:36,349 - INFO - --------------------------------------------------------------------------------
2025-01-05 14:57:36,349 - INFO - speech                              | speech                              | 0.6933
2025-01-05 14:57:36,349 - INFO - premiere                            | premiere                            | 0.4999
2025-01-05 14:57:36,349 - INFO - out                                 | out                                 | 0.2499
2025-01-05 14:57:36,349 - INFO - people                              | people                              | 0.4999
2025-01-05 14:57:36,349 - INFO - committee                           | committee                           | 0.9933
2025-01-05 14:57:36,349 - INFO - around                              | around                              | 0.3332
2025-01-05 14:57:36,349 - INFO - a                                   | ,                                   | 0.3332
2025-01-05 14:57:36,349 - INFO - "                                   | "                                   | 0.3332
2025-01-05 14:57:36,350 - INFO - taken                               | taken                               | 0.9966
2025-01-05 14:57:36,350 - INFO - side                                | side                                | 0.2496
2025-01-05 14:57:36,350 - INFO - --------------------------------------------------------------------------------
2025-01-05 14:57:36,536 - INFO - Saved loss plot (Train, Val, Test) to data/output\iam_words\trocr-large-handwritten\e20_lr1e-06_b4_fr0.1_tfr1.0\loss_train_val_test_iteration.pdf
2025-01-05 14:57:36,641 - INFO - Saved wer plot (Train, Val, Test) to data/output\iam_words\trocr-large-handwritten\e20_lr1e-06_b4_fr0.1_tfr1.0\wer_train_val_test_epoch.pdf
2025-01-05 14:57:36,749 - INFO - Saved char_acc plot (Train, Val, Test) to data/output\iam_words\trocr-large-handwritten\e20_lr1e-06_b4_fr0.1_tfr1.0\char_acc_train_val_test_epoch.pdf
2025-01-05 14:57:44,903 - INFO - New best checkpoint saved to data/output\iam_words\trocr-large-handwritten\e20_lr1e-06_b4_fr0.1_tfr1.0\trocr-large-handwritten-best-loss.pt with Test Loss: 0.0058
2025-01-05 14:57:51,668 - INFO - Model saved to data/output\iam_words\trocr-large-handwritten\e20_lr1e-06_b4_fr0.1_tfr1.0
